2018/05/25 16:55:52 INFO  - jmeter.util.JMeterUtils: Setting Locale to ko_KR 
2018/05/25 16:55:52 ERROR - jmeter.util.JMeterUtils: Could not find resources for 'ko_KR' 
2018/05/25 16:55:52 INFO  - jmeter.JMeter: Loading user properties from: /usr/share/jmeter/bin/user.properties 
2018/05/25 16:55:52 INFO  - jmeter.JMeter: Loading system properties from: /usr/share/jmeter/bin/system.properties 
2018/05/25 16:55:52 INFO  - jmeter.JMeter: Copyright (c) 1998-2014 The Apache Software Foundation 
2018/05/25 16:55:52 INFO  - jmeter.JMeter: Version 2.11.20151206 
2018/05/25 16:55:52 INFO  - jmeter.JMeter: java.version=1.8.0_131 
2018/05/25 16:55:52 INFO  - jmeter.JMeter: java.vm.name=Java HotSpot(TM) 64-Bit Server VM 
2018/05/25 16:55:52 INFO  - jmeter.JMeter: os.name=Linux 
2018/05/25 16:55:52 INFO  - jmeter.JMeter: os.arch=amd64 
2018/05/25 16:55:52 INFO  - jmeter.JMeter: os.version=4.13.0-41-generic 
2018/05/25 16:55:52 INFO  - jmeter.JMeter: file.encoding=UTF-8 
2018/05/25 16:55:52 INFO  - jmeter.JMeter: Default Locale=한국어 (대한민국) 
2018/05/25 16:55:52 INFO  - jmeter.JMeter: JMeter  Locale=한국어 (대한민국) 
2018/05/25 16:55:52 INFO  - jmeter.JMeter: JMeterHome=/usr/share/jmeter 
2018/05/25 16:55:52 INFO  - jmeter.JMeter: user.dir  =/home/kt/fabric-binaries/fabric-samples/balance-transfer 
2018/05/25 16:55:52 INFO  - jmeter.JMeter: PWD       =/home/kt/fabric-binaries/fabric-samples/balance-transfer 
2018/05/25 16:55:52 INFO  - jmeter.JMeter: IP: 127.0.1.1 Name: kt-870Z5G-880Z5F FullName: kt-870Z5G-880Z5F 
2018/05/25 16:55:52 INFO  - jmeter.JMeter: Loaded icon properties from org/apache/jmeter/images/icon.properties 
2018/05/25 16:55:54 INFO  - jmeter.engine.util.CompoundVariable: Note: Function class names must contain the string: '.functions.' 
2018/05/25 16:55:54 INFO  - jmeter.engine.util.CompoundVariable: Note: Function class names must not contain the string: '.gui.' 
2018/05/25 16:55:55 INFO  - jmeter.gui.action.LookAndFeelCommand: Using look and feel: javax.swing.plaf.metal.MetalLookAndFeel [Metal, CrossPlatform] 
2018/05/25 16:55:56 INFO  - jmeter.util.BSFTestElement: Registering JMeter version of JavaScript engine as work-round for BSF-22 
2018/05/25 16:55:56 INFO  - jmeter.protocol.http.sampler.HTTPSamplerBase: Cannot find .className property for htmlParser, using default 
2018/05/25 16:55:56 INFO  - jmeter.protocol.http.sampler.HTTPSamplerBase: Parser for text/html is  
2018/05/25 16:55:56 INFO  - jmeter.protocol.http.sampler.HTTPSamplerBase: Parser for application/xhtml+xml is  
2018/05/25 16:55:56 INFO  - jmeter.protocol.http.sampler.HTTPSamplerBase: Parser for application/xml is  
2018/05/25 16:55:56 INFO  - jmeter.protocol.http.sampler.HTTPSamplerBase: Parser for text/xml is  
2018/05/25 16:55:56 INFO  - jmeter.protocol.http.sampler.HTTPSamplerBase: Parser for text/vnd.wap.wml is org.apache.jmeter.protocol.http.parser.RegexpHTMLParser 
2018/05/25 16:55:56 INFO  - jmeter.gui.util.MenuFactory: Skipping org.apache.jmeter.protocol.http.modifier.gui.ParamModifierGui 
2018/05/25 16:55:58 INFO  - jorphan.exec.KeyToolUtils: keytool found at 'keytool' 
2018/05/25 16:55:58 INFO  - jmeter.protocol.http.proxy.ProxyControl: HTTP(S) Test Script Recorder SSL Proxy will use keys that support embedded 3rd party resources in file /usr/share/jmeter/bin/proxyserver.jks 
2018/05/25 16:55:58 INFO  - jmeter.samplers.SampleResult: Note: Sample TimeStamps are START times 
2018/05/25 16:55:58 INFO  - jmeter.samplers.SampleResult: sampleresult.default.encoding is set to ISO-8859-1 
2018/05/25 16:55:58 INFO  - jmeter.samplers.SampleResult: sampleresult.useNanoTime=true 
2018/05/25 16:55:58 INFO  - jmeter.samplers.SampleResult: sampleresult.nanoThreadSleep=5000 
2018/05/25 16:59:25 INFO  - jmeter.services.FileServer: Default base='/home/kt/fabric-binaries/fabric-samples/balance-transfer' 
2018/05/25 16:59:25 INFO  - jmeter.services.FileServer: Set new base='/home/kt/fabric-binaries/fabric-samples/balance-transfer' 
2018/05/25 16:59:25 INFO  - jmeter.save.SaveService: Testplan (JMX) version: 2.2. Testlog (JTL) version: 2.2 
2018/05/25 16:59:25 INFO  - jmeter.save.SaveService: Using SaveService properties file encoding UTF-8 
2018/05/25 16:59:25 INFO  - jmeter.save.SaveService: Using SaveService properties version 2.6 
2018/05/25 16:59:25 INFO  - jmeter.save.SaveService: Using SaveService properties file version 1554411 
2018/05/25 16:59:25 INFO  - jmeter.save.SaveService: All converter versions present and correct 
2018/05/25 16:59:25 INFO  - jmeter.engine.StandardJMeterEngine: Listeners will be started after enabling running version 
2018/05/25 16:59:25 INFO  - jmeter.engine.StandardJMeterEngine: To revert to the earlier behaviour, define jmeterengine.startlistenerslater=false 
2018/05/25 16:59:25 INFO  - jmeter.engine.StandardJMeterEngine: Running the test! 
2018/05/25 16:59:25 INFO  - jmeter.samplers.SampleEvent: List of sample_variables: [] 
2018/05/25 16:59:25 INFO  - jmeter.samplers.SampleEvent: List of sample_variables: [] 
2018/05/25 16:59:25 INFO  - jmeter.gui.util.JMeterMenuBar: setRunning(true,*local*) 
2018/05/25 16:59:25 INFO  - jmeter.engine.StandardJMeterEngine: Starting ThreadGroup: 1 : Thread Group 
2018/05/25 16:59:25 INFO  - jmeter.engine.StandardJMeterEngine: Starting 3 threads for group Thread Group. 
2018/05/25 16:59:25 INFO  - jmeter.engine.StandardJMeterEngine: Thread will continue on error 
2018/05/25 16:59:25 INFO  - jmeter.threads.ThreadGroup: Starting thread group number 1 threads 3 ramp-up 1 perThread 333.33334 delayedStart=false 
2018/05/25 16:59:25 INFO  - jmeter.threads.JMeterThread: jmeterthread.startearlier=true (see jmeter.properties) 
2018/05/25 16:59:25 INFO  - jmeter.threads.JMeterThread: Running PostProcessors in forward order 
2018/05/25 16:59:25 INFO  - jmeter.threads.JMeterThread: Thread started: Thread Group 1-1 
2018/05/25 16:59:25 INFO  - jmeter.threads.ThreadGroup: Started thread group number 1 
2018/05/25 16:59:25 INFO  - jmeter.engine.StandardJMeterEngine: All thread groups have been started 
2018/05/25 16:59:25 INFO  - jmeter.protocol.http.sampler.HTTPHCAbstractImpl: Local host = kt-870Z5G-880Z5F 
2018/05/25 16:59:25 INFO  - jmeter.protocol.http.sampler.HTTPHC4Impl: HTTP request retry count = 0 
2018/05/25 16:59:25 INFO  - jmeter.protocol.http.sampler.HTTPHC4Impl: Setting up HTTPS TrustAll scheme 
2018/05/25 16:59:25 INFO  - jmeter.util.JsseSSLManager: Using default SSL protocol: TLS 
2018/05/25 16:59:25 INFO  - jmeter.util.JsseSSLManager: SSL session context: per-thread 
2018/05/25 16:59:26 INFO  - jmeter.threads.JMeterThread: Thread started: Thread Group 1-2 
2018/05/25 16:59:26 INFO  - jmeter.threads.JMeterThread: Thread started: Thread Group 1-3 
2018/05/25 16:59:26 INFO  - jmeter.threads.JMeterThread: Thread finished: Thread Group 1-2 
2018/05/25 16:59:26 INFO  - jmeter.threads.JMeterThread: Thread finished: Thread Group 1-3 
2018/05/25 16:59:26 INFO  - jmeter.threads.JMeterThread: Thread finished: Thread Group 1-1 
2018/05/25 16:59:26 INFO  - jmeter.engine.StandardJMeterEngine: Notifying test listeners of end of test 
2018/05/25 16:59:26 INFO  - jmeter.gui.util.JMeterMenuBar: setRunning(false,*local*) 
2018/05/25 17:02:55 INFO  - jmeter.engine.StandardJMeterEngine: Running the test! 
2018/05/25 17:02:55 INFO  - jmeter.samplers.SampleEvent: List of sample_variables: [] 
2018/05/25 17:02:55 INFO  - jmeter.gui.util.JMeterMenuBar: setRunning(true,*local*) 
2018/05/25 17:02:55 INFO  - jmeter.engine.StandardJMeterEngine: Starting ThreadGroup: 1 : Thread Group 
2018/05/25 17:02:55 INFO  - jmeter.engine.StandardJMeterEngine: Starting 3 threads for group Thread Group. 
2018/05/25 17:02:55 INFO  - jmeter.engine.StandardJMeterEngine: Thread will continue on error 
2018/05/25 17:02:55 INFO  - jmeter.threads.ThreadGroup: Starting thread group number 1 threads 3 ramp-up 1 perThread 333.33334 delayedStart=false 
2018/05/25 17:02:55 INFO  - jmeter.threads.JMeterThread: Thread started: Thread Group 1-1 
2018/05/25 17:02:55 INFO  - jmeter.threads.ThreadGroup: Started thread group number 1 
2018/05/25 17:02:55 INFO  - jmeter.engine.StandardJMeterEngine: All thread groups have been started 
2018/05/25 17:02:55 INFO  - jmeter.threads.JMeterThread: Thread finished: Thread Group 1-1 
2018/05/25 17:02:55 INFO  - jmeter.threads.JMeterThread: Thread started: Thread Group 1-2 
2018/05/25 17:02:55 INFO  - jmeter.threads.JMeterThread: Thread finished: Thread Group 1-2 
2018/05/25 17:02:56 INFO  - jmeter.threads.JMeterThread: Thread started: Thread Group 1-3 
2018/05/25 17:02:56 INFO  - jmeter.threads.JMeterThread: Thread finished: Thread Group 1-3 
2018/05/25 17:02:56 INFO  - jmeter.engine.StandardJMeterEngine: Notifying test listeners of end of test 
2018/05/25 17:02:56 INFO  - jmeter.gui.util.JMeterMenuBar: setRunning(false,*local*) 
2018/05/25 17:03:00 INFO  - jmeter.engine.StandardJMeterEngine: Running the test! 
2018/05/25 17:03:00 INFO  - jmeter.samplers.SampleEvent: List of sample_variables: [] 
2018/05/25 17:03:00 INFO  - jmeter.gui.util.JMeterMenuBar: setRunning(true,*local*) 
2018/05/25 17:03:00 INFO  - jmeter.engine.StandardJMeterEngine: Starting ThreadGroup: 1 : Thread Group 
2018/05/25 17:03:00 INFO  - jmeter.engine.StandardJMeterEngine: Starting 3 threads for group Thread Group. 
2018/05/25 17:03:00 INFO  - jmeter.engine.StandardJMeterEngine: Thread will continue on error 
2018/05/25 17:03:00 INFO  - jmeter.threads.ThreadGroup: Starting thread group number 1 threads 3 ramp-up 1 perThread 333.33334 delayedStart=false 
2018/05/25 17:03:00 INFO  - jmeter.threads.JMeterThread: Thread started: Thread Group 1-1 
2018/05/25 17:03:00 INFO  - jmeter.threads.ThreadGroup: Started thread group number 1 
2018/05/25 17:03:00 INFO  - jmeter.engine.StandardJMeterEngine: All thread groups have been started 
2018/05/25 17:03:00 INFO  - jmeter.threads.JMeterThread: Thread finished: Thread Group 1-1 
2018/05/25 17:03:00 INFO  - jmeter.threads.JMeterThread: Thread started: Thread Group 1-2 
2018/05/25 17:03:00 INFO  - jmeter.threads.JMeterThread: Thread finished: Thread Group 1-2 
2018/05/25 17:03:01 INFO  - jmeter.threads.JMeterThread: Thread started: Thread Group 1-3 
2018/05/25 17:03:01 INFO  - jmeter.threads.JMeterThread: Thread finished: Thread Group 1-3 
2018/05/25 17:03:01 INFO  - jmeter.engine.StandardJMeterEngine: Notifying test listeners of end of test 
2018/05/25 17:03:01 INFO  - jmeter.gui.util.JMeterMenuBar: setRunning(false,*local*) 
2018/05/25 17:03:30 INFO  - jmeter.engine.StandardJMeterEngine: Running the test! 
2018/05/25 17:03:30 INFO  - jmeter.samplers.SampleEvent: List of sample_variables: [] 
2018/05/25 17:03:30 INFO  - jmeter.gui.util.JMeterMenuBar: setRunning(true,*local*) 
2018/05/25 17:03:30 INFO  - jmeter.engine.StandardJMeterEngine: Starting ThreadGroup: 1 : Thread Group 
2018/05/25 17:03:30 INFO  - jmeter.engine.StandardJMeterEngine: Starting 3 threads for group Thread Group. 
2018/05/25 17:03:30 INFO  - jmeter.engine.StandardJMeterEngine: Thread will continue on error 
2018/05/25 17:03:30 INFO  - jmeter.threads.ThreadGroup: Starting thread group number 1 threads 3 ramp-up 1 perThread 333.33334 delayedStart=false 
2018/05/25 17:03:30 INFO  - jmeter.threads.JMeterThread: Thread started: Thread Group 1-1 
2018/05/25 17:03:30 INFO  - jmeter.threads.ThreadGroup: Started thread group number 1 
2018/05/25 17:03:30 INFO  - jmeter.engine.StandardJMeterEngine: All thread groups have been started 
2018/05/25 17:03:30 INFO  - jmeter.threads.JMeterThread: Thread finished: Thread Group 1-1 
2018/05/25 17:03:30 INFO  - jmeter.threads.JMeterThread: Thread started: Thread Group 1-2 
2018/05/25 17:03:30 INFO  - jmeter.threads.JMeterThread: Thread finished: Thread Group 1-2 
2018/05/25 17:03:30 INFO  - jmeter.threads.JMeterThread: Thread started: Thread Group 1-3 
2018/05/25 17:03:30 INFO  - jmeter.threads.JMeterThread: Thread finished: Thread Group 1-3 
2018/05/25 17:03:30 INFO  - jmeter.engine.StandardJMeterEngine: Notifying test listeners of end of test 
2018/05/25 17:03:30 INFO  - jmeter.gui.util.JMeterMenuBar: setRunning(false,*local*) 
2018/05/25 17:05:23 INFO  - jmeter.engine.StandardJMeterEngine: Running the test! 
2018/05/25 17:05:23 INFO  - jmeter.samplers.SampleEvent: List of sample_variables: [] 
2018/05/25 17:05:23 INFO  - jmeter.gui.util.JMeterMenuBar: setRunning(true,*local*) 
2018/05/25 17:05:23 INFO  - jmeter.engine.StandardJMeterEngine: Starting ThreadGroup: 1 : Thread Group 
2018/05/25 17:05:23 INFO  - jmeter.engine.StandardJMeterEngine: Starting 3 threads for group Thread Group. 
2018/05/25 17:05:23 INFO  - jmeter.engine.StandardJMeterEngine: Thread will continue on error 
2018/05/25 17:05:23 INFO  - jmeter.threads.ThreadGroup: Starting thread group number 1 threads 3 ramp-up 1 perThread 333.33334 delayedStart=false 
2018/05/25 17:05:23 INFO  - jmeter.threads.JMeterThread: Thread started: Thread Group 1-1 
2018/05/25 17:05:23 INFO  - jmeter.threads.ThreadGroup: Started thread group number 1 
2018/05/25 17:05:23 INFO  - jmeter.engine.StandardJMeterEngine: All thread groups have been started 
2018/05/25 17:05:23 INFO  - jmeter.threads.JMeterThread: Thread finished: Thread Group 1-1 
2018/05/25 17:05:23 INFO  - jmeter.threads.JMeterThread: Thread started: Thread Group 1-2 
2018/05/25 17:05:23 INFO  - jmeter.threads.JMeterThread: Thread finished: Thread Group 1-2 
2018/05/25 17:05:24 INFO  - jmeter.threads.JMeterThread: Thread started: Thread Group 1-3 
2018/05/25 17:05:24 INFO  - jmeter.threads.JMeterThread: Thread finished: Thread Group 1-3 
2018/05/25 17:05:24 INFO  - jmeter.engine.StandardJMeterEngine: Notifying test listeners of end of test 
2018/05/25 17:05:24 INFO  - jmeter.gui.util.JMeterMenuBar: setRunning(false,*local*) 
2018/05/25 17:05:52 INFO  - jmeter.engine.StandardJMeterEngine: Running the test! 
2018/05/25 17:05:52 INFO  - jmeter.samplers.SampleEvent: List of sample_variables: [] 
2018/05/25 17:05:52 INFO  - jmeter.gui.util.JMeterMenuBar: setRunning(true,*local*) 
2018/05/25 17:05:52 INFO  - jmeter.engine.StandardJMeterEngine: Starting ThreadGroup: 1 : Thread Group 
2018/05/25 17:05:52 INFO  - jmeter.engine.StandardJMeterEngine: Starting 3 threads for group Thread Group. 
2018/05/25 17:05:52 INFO  - jmeter.engine.StandardJMeterEngine: Thread will continue on error 
2018/05/25 17:05:52 INFO  - jmeter.threads.ThreadGroup: Starting thread group number 1 threads 3 ramp-up 1 perThread 333.33334 delayedStart=false 
2018/05/25 17:05:52 INFO  - jmeter.threads.JMeterThread: Thread started: Thread Group 1-1 
2018/05/25 17:05:52 INFO  - jmeter.threads.ThreadGroup: Started thread group number 1 
2018/05/25 17:05:52 INFO  - jmeter.engine.StandardJMeterEngine: All thread groups have been started 
2018/05/25 17:05:52 INFO  - jmeter.threads.JMeterThread: Thread finished: Thread Group 1-1 
2018/05/25 17:05:52 INFO  - jmeter.threads.JMeterThread: Thread started: Thread Group 1-2 
2018/05/25 17:05:52 INFO  - jmeter.threads.JMeterThread: Thread finished: Thread Group 1-2 
2018/05/25 17:05:52 INFO  - jmeter.threads.JMeterThread: Thread started: Thread Group 1-3 
2018/05/25 17:05:52 INFO  - jmeter.threads.JMeterThread: Thread finished: Thread Group 1-3 
2018/05/25 17:05:52 INFO  - jmeter.engine.StandardJMeterEngine: Notifying test listeners of end of test 
2018/05/25 17:05:52 INFO  - jmeter.gui.util.JMeterMenuBar: setRunning(false,*local*) 
2018/05/25 17:09:10 INFO  - jmeter.engine.StandardJMeterEngine: Running the test! 
2018/05/25 17:09:10 INFO  - jmeter.samplers.SampleEvent: List of sample_variables: [] 
2018/05/25 17:09:10 INFO  - jmeter.gui.util.JMeterMenuBar: setRunning(true,*local*) 
2018/05/25 17:09:10 INFO  - jmeter.engine.StandardJMeterEngine: Starting ThreadGroup: 1 : Thread Group 
2018/05/25 17:09:10 INFO  - jmeter.engine.StandardJMeterEngine: Starting 3 threads for group Thread Group. 
2018/05/25 17:09:10 INFO  - jmeter.engine.StandardJMeterEngine: Thread will continue on error 
2018/05/25 17:09:10 INFO  - jmeter.threads.ThreadGroup: Starting thread group number 1 threads 3 ramp-up 1 perThread 333.33334 delayedStart=false 
2018/05/25 17:09:10 INFO  - jmeter.threads.JMeterThread: Thread started: Thread Group 1-1 
2018/05/25 17:09:10 INFO  - jmeter.threads.ThreadGroup: Started thread group number 1 
2018/05/25 17:09:10 INFO  - jmeter.engine.StandardJMeterEngine: All thread groups have been started 
2018/05/25 17:09:10 INFO  - jmeter.threads.JMeterThread: Thread finished: Thread Group 1-1 
2018/05/25 17:09:11 INFO  - jmeter.threads.JMeterThread: Thread started: Thread Group 1-2 
2018/05/25 17:09:11 INFO  - jmeter.threads.JMeterThread: Thread finished: Thread Group 1-2 
2018/05/25 17:09:11 INFO  - jmeter.threads.JMeterThread: Thread started: Thread Group 1-3 
2018/05/25 17:09:11 INFO  - jmeter.threads.JMeterThread: Thread finished: Thread Group 1-3 
2018/05/25 17:09:11 INFO  - jmeter.engine.StandardJMeterEngine: Notifying test listeners of end of test 
2018/05/25 17:09:11 INFO  - jmeter.gui.util.JMeterMenuBar: setRunning(false,*local*) 
2018/05/25 17:09:37 INFO  - jmeter.engine.StandardJMeterEngine: Running the test! 
2018/05/25 17:09:37 INFO  - jmeter.samplers.SampleEvent: List of sample_variables: [] 
2018/05/25 17:09:37 INFO  - jmeter.gui.util.JMeterMenuBar: setRunning(true,*local*) 
2018/05/25 17:09:37 INFO  - jmeter.engine.StandardJMeterEngine: Starting ThreadGroup: 1 : Thread Group 
2018/05/25 17:09:37 INFO  - jmeter.engine.StandardJMeterEngine: Starting 3 threads for group Thread Group. 
2018/05/25 17:09:37 INFO  - jmeter.engine.StandardJMeterEngine: Thread will continue on error 
2018/05/25 17:09:37 INFO  - jmeter.threads.ThreadGroup: Starting thread group number 1 threads 3 ramp-up 1 perThread 333.33334 delayedStart=false 
2018/05/25 17:09:37 INFO  - jmeter.threads.JMeterThread: Thread started: Thread Group 1-1 
2018/05/25 17:09:37 INFO  - jmeter.threads.ThreadGroup: Started thread group number 1 
2018/05/25 17:09:37 INFO  - jmeter.engine.StandardJMeterEngine: All thread groups have been started 
2018/05/25 17:09:37 INFO  - jmeter.threads.JMeterThread: Thread finished: Thread Group 1-1 
2018/05/25 17:09:37 INFO  - jmeter.threads.JMeterThread: Thread started: Thread Group 1-2 
2018/05/25 17:09:37 INFO  - jmeter.threads.JMeterThread: Thread finished: Thread Group 1-2 
2018/05/25 17:09:37 INFO  - jmeter.threads.JMeterThread: Thread started: Thread Group 1-3 
2018/05/25 17:09:37 INFO  - jmeter.threads.JMeterThread: Thread finished: Thread Group 1-3 
2018/05/25 17:09:37 INFO  - jmeter.engine.StandardJMeterEngine: Notifying test listeners of end of test 
2018/05/25 17:09:37 INFO  - jmeter.gui.util.JMeterMenuBar: setRunning(false,*local*) 
2018/05/25 17:09:48 INFO  - jmeter.engine.StandardJMeterEngine: Running the test! 
2018/05/25 17:09:48 INFO  - jmeter.samplers.SampleEvent: List of sample_variables: [] 
2018/05/25 17:09:48 INFO  - jmeter.gui.util.JMeterMenuBar: setRunning(true,*local*) 
2018/05/25 17:09:48 INFO  - jmeter.engine.StandardJMeterEngine: Starting ThreadGroup: 1 : Thread Group 
2018/05/25 17:09:48 INFO  - jmeter.engine.StandardJMeterEngine: Starting 3 threads for group Thread Group. 
2018/05/25 17:09:48 INFO  - jmeter.engine.StandardJMeterEngine: Thread will continue on error 
2018/05/25 17:09:48 INFO  - jmeter.threads.ThreadGroup: Starting thread group number 1 threads 3 ramp-up 1 perThread 333.33334 delayedStart=false 
2018/05/25 17:09:48 INFO  - jmeter.threads.JMeterThread: Thread started: Thread Group 1-1 
2018/05/25 17:09:48 INFO  - jmeter.threads.ThreadGroup: Started thread group number 1 
2018/05/25 17:09:48 INFO  - jmeter.engine.StandardJMeterEngine: All thread groups have been started 
2018/05/25 17:09:48 INFO  - jmeter.threads.JMeterThread: Thread finished: Thread Group 1-1 
2018/05/25 17:09:48 INFO  - jmeter.threads.JMeterThread: Thread started: Thread Group 1-2 
2018/05/25 17:09:48 INFO  - jmeter.threads.JMeterThread: Thread finished: Thread Group 1-2 
2018/05/25 17:09:49 INFO  - jmeter.threads.JMeterThread: Thread started: Thread Group 1-3 
2018/05/25 17:09:49 INFO  - jmeter.threads.JMeterThread: Thread finished: Thread Group 1-3 
2018/05/25 17:09:49 INFO  - jmeter.engine.StandardJMeterEngine: Notifying test listeners of end of test 
2018/05/25 17:09:49 INFO  - jmeter.gui.util.JMeterMenuBar: setRunning(false,*local*) 
2018/05/25 17:12:21 INFO  - jmeter.engine.StandardJMeterEngine: Running the test! 
2018/05/25 17:12:21 INFO  - jmeter.samplers.SampleEvent: List of sample_variables: [] 
2018/05/25 17:12:21 INFO  - jmeter.gui.util.JMeterMenuBar: setRunning(true,*local*) 
2018/05/25 17:12:21 INFO  - jmeter.engine.StandardJMeterEngine: Starting ThreadGroup: 1 : Thread Group 
2018/05/25 17:12:21 INFO  - jmeter.engine.StandardJMeterEngine: Starting 3 threads for group Thread Group. 
2018/05/25 17:12:21 INFO  - jmeter.engine.StandardJMeterEngine: Thread will continue on error 
2018/05/25 17:12:21 INFO  - jmeter.threads.ThreadGroup: Starting thread group number 1 threads 3 ramp-up 1 perThread 333.33334 delayedStart=false 
2018/05/25 17:12:21 INFO  - jmeter.threads.JMeterThread: Thread started: Thread Group 1-1 
2018/05/25 17:12:21 INFO  - jmeter.threads.ThreadGroup: Started thread group number 1 
2018/05/25 17:12:21 INFO  - jmeter.engine.StandardJMeterEngine: All thread groups have been started 
2018/05/25 17:12:21 INFO  - jmeter.threads.JMeterThread: Thread finished: Thread Group 1-1 
2018/05/25 17:12:21 INFO  - jmeter.threads.JMeterThread: Thread started: Thread Group 1-2 
2018/05/25 17:12:21 INFO  - jmeter.threads.JMeterThread: Thread finished: Thread Group 1-2 
2018/05/25 17:12:21 INFO  - jmeter.threads.JMeterThread: Thread started: Thread Group 1-3 
2018/05/25 17:12:21 INFO  - jmeter.threads.JMeterThread: Thread finished: Thread Group 1-3 
2018/05/25 17:12:21 INFO  - jmeter.engine.StandardJMeterEngine: Notifying test listeners of end of test 
2018/05/25 17:12:21 INFO  - jmeter.gui.util.JMeterMenuBar: setRunning(false,*local*) 
2018/05/25 17:12:48 INFO  - jmeter.engine.StandardJMeterEngine: Running the test! 
2018/05/25 17:12:48 INFO  - jmeter.samplers.SampleEvent: List of sample_variables: [] 
2018/05/25 17:12:48 INFO  - jmeter.gui.util.JMeterMenuBar: setRunning(true,*local*) 
2018/05/25 17:12:48 INFO  - jmeter.engine.StandardJMeterEngine: Starting ThreadGroup: 1 : Thread Group 
2018/05/25 17:12:48 INFO  - jmeter.engine.StandardJMeterEngine: Starting 3 threads for group Thread Group. 
2018/05/25 17:12:48 INFO  - jmeter.engine.StandardJMeterEngine: Thread will continue on error 
2018/05/25 17:12:48 INFO  - jmeter.threads.ThreadGroup: Starting thread group number 1 threads 3 ramp-up 1 perThread 333.33334 delayedStart=false 
2018/05/25 17:12:48 INFO  - jmeter.threads.JMeterThread: Thread started: Thread Group 1-1 
2018/05/25 17:12:48 INFO  - jmeter.threads.ThreadGroup: Started thread group number 1 
2018/05/25 17:12:48 INFO  - jmeter.engine.StandardJMeterEngine: All thread groups have been started 
2018/05/25 17:12:48 INFO  - jmeter.threads.JMeterThread: Thread finished: Thread Group 1-1 
2018/05/25 17:12:48 INFO  - jmeter.threads.JMeterThread: Thread started: Thread Group 1-2 
2018/05/25 17:12:48 INFO  - jmeter.threads.JMeterThread: Thread finished: Thread Group 1-2 
2018/05/25 17:12:48 INFO  - jmeter.threads.JMeterThread: Thread started: Thread Group 1-3 
2018/05/25 17:12:48 INFO  - jmeter.threads.JMeterThread: Thread finished: Thread Group 1-3 
2018/05/25 17:12:48 INFO  - jmeter.engine.StandardJMeterEngine: Notifying test listeners of end of test 
2018/05/25 17:12:48 INFO  - jmeter.gui.util.JMeterMenuBar: setRunning(false,*local*) 
2018/05/25 17:13:01 INFO  - jmeter.engine.StandardJMeterEngine: Running the test! 
2018/05/25 17:13:01 INFO  - jmeter.samplers.SampleEvent: List of sample_variables: [] 
2018/05/25 17:13:01 INFO  - jmeter.gui.util.JMeterMenuBar: setRunning(true,*local*) 
2018/05/25 17:13:01 INFO  - jmeter.engine.StandardJMeterEngine: Starting ThreadGroup: 1 : Thread Group 
2018/05/25 17:13:01 INFO  - jmeter.engine.StandardJMeterEngine: Starting 3 threads for group Thread Group. 
2018/05/25 17:13:01 INFO  - jmeter.engine.StandardJMeterEngine: Thread will continue on error 
2018/05/25 17:13:01 INFO  - jmeter.threads.ThreadGroup: Starting thread group number 1 threads 3 ramp-up 1 perThread 333.33334 delayedStart=false 
2018/05/25 17:13:01 INFO  - jmeter.threads.JMeterThread: Thread started: Thread Group 1-1 
2018/05/25 17:13:01 INFO  - jmeter.threads.ThreadGroup: Started thread group number 1 
2018/05/25 17:13:01 INFO  - jmeter.engine.StandardJMeterEngine: All thread groups have been started 
2018/05/25 17:13:01 INFO  - jmeter.threads.JMeterThread: Thread finished: Thread Group 1-1 
2018/05/25 17:13:01 INFO  - jmeter.threads.JMeterThread: Thread started: Thread Group 1-2 
2018/05/25 17:13:01 INFO  - jmeter.threads.JMeterThread: Thread finished: Thread Group 1-2 
2018/05/25 17:13:01 INFO  - jmeter.threads.JMeterThread: Thread started: Thread Group 1-3 
2018/05/25 17:13:01 INFO  - jmeter.threads.JMeterThread: Thread finished: Thread Group 1-3 
2018/05/25 17:13:01 INFO  - jmeter.engine.StandardJMeterEngine: Notifying test listeners of end of test 
2018/05/25 17:13:01 INFO  - jmeter.gui.util.JMeterMenuBar: setRunning(false,*local*) 
2018/05/25 17:13:29 INFO  - jmeter.engine.StandardJMeterEngine: Running the test! 
2018/05/25 17:13:29 INFO  - jmeter.samplers.SampleEvent: List of sample_variables: [] 
2018/05/25 17:13:29 INFO  - jmeter.gui.util.JMeterMenuBar: setRunning(true,*local*) 
2018/05/25 17:13:29 INFO  - jmeter.engine.StandardJMeterEngine: Starting ThreadGroup: 1 : Thread Group 
2018/05/25 17:13:29 INFO  - jmeter.engine.StandardJMeterEngine: Starting 3 threads for group Thread Group. 
2018/05/25 17:13:29 INFO  - jmeter.engine.StandardJMeterEngine: Thread will continue on error 
2018/05/25 17:13:29 INFO  - jmeter.threads.ThreadGroup: Starting thread group number 1 threads 3 ramp-up 1 perThread 333.33334 delayedStart=false 
2018/05/25 17:13:29 INFO  - jmeter.threads.JMeterThread: Thread started: Thread Group 1-1 
2018/05/25 17:13:29 INFO  - jmeter.threads.ThreadGroup: Started thread group number 1 
2018/05/25 17:13:29 INFO  - jmeter.engine.StandardJMeterEngine: All thread groups have been started 
2018/05/25 17:13:29 INFO  - jmeter.threads.JMeterThread: Thread finished: Thread Group 1-1 
2018/05/25 17:13:30 INFO  - jmeter.threads.JMeterThread: Thread started: Thread Group 1-2 
2018/05/25 17:13:30 INFO  - jmeter.threads.JMeterThread: Thread finished: Thread Group 1-2 
2018/05/25 17:13:30 INFO  - jmeter.threads.JMeterThread: Thread started: Thread Group 1-3 
2018/05/25 17:13:30 INFO  - jmeter.threads.JMeterThread: Thread finished: Thread Group 1-3 
2018/05/25 17:13:30 INFO  - jmeter.engine.StandardJMeterEngine: Notifying test listeners of end of test 
2018/05/25 17:13:30 INFO  - jmeter.gui.util.JMeterMenuBar: setRunning(false,*local*) 
2018/05/25 17:15:23 INFO  - jmeter.engine.StandardJMeterEngine: Running the test! 
2018/05/25 17:15:23 INFO  - jmeter.samplers.SampleEvent: List of sample_variables: [] 
2018/05/25 17:15:23 INFO  - jmeter.gui.util.JMeterMenuBar: setRunning(true,*local*) 
2018/05/25 17:15:23 INFO  - jmeter.engine.StandardJMeterEngine: Starting ThreadGroup: 1 : Thread Group 
2018/05/25 17:15:23 INFO  - jmeter.engine.StandardJMeterEngine: Starting 3 threads for group Thread Group. 
2018/05/25 17:15:23 INFO  - jmeter.engine.StandardJMeterEngine: Thread will continue on error 
2018/05/25 17:15:23 INFO  - jmeter.threads.ThreadGroup: Starting thread group number 1 threads 3 ramp-up 1 perThread 333.33334 delayedStart=false 
2018/05/25 17:15:23 INFO  - jmeter.threads.JMeterThread: Thread started: Thread Group 1-1 
2018/05/25 17:15:23 INFO  - jmeter.threads.ThreadGroup: Started thread group number 1 
2018/05/25 17:15:23 INFO  - jmeter.engine.StandardJMeterEngine: All thread groups have been started 
2018/05/25 17:15:23 INFO  - jmeter.threads.JMeterThread: Thread started: Thread Group 1-2 
2018/05/25 17:15:24 INFO  - jmeter.threads.JMeterThread: Thread started: Thread Group 1-3 
2018/05/25 17:17:06 INFO  - jmeter.gui.action.Start: Shutting test down 
2018/05/25 17:17:06 INFO  - jmeter.threads.JMeterThread: Stopping: Thread Group 1-1 
2018/05/25 17:17:06 INFO  - jmeter.threads.JMeterThread: Stopping: Thread Group 1-2 
2018/05/25 17:17:06 INFO  - jmeter.threads.JMeterThread: Stopping: Thread Group 1-3 
2018/05/25 17:17:10 INFO  - jmeter.gui.action.Start: Stopping test 
2018/05/25 17:17:10 INFO  - jmeter.threads.JMeterThread: Stopping: Thread Group 1-1 
2018/05/25 17:17:10 WARN  - jmeter.threads.JMeterThread: Interrupting: Thread Group 1-1 sampler: HTTP Request 
2018/05/25 17:17:10 INFO  - jmeter.threads.JMeterThread: Stopping: Thread Group 1-2 
2018/05/25 17:17:10 WARN  - jmeter.threads.JMeterThread: Interrupting: Thread Group 1-2 sampler: HTTP Request 
2018/05/25 17:17:10 INFO  - jmeter.threads.JMeterThread: Stopping: Thread Group 1-3 
2018/05/25 17:17:10 WARN  - jmeter.threads.JMeterThread: Interrupting: Thread Group 1-3 sampler: HTTP Request 
2018/05/25 17:17:10 WARN  - jmeter.util.JMeterUtils: Interrupted in thread Thread Group 1-3 java.lang.InterruptedException
	at java.lang.Object.wait(Native Method)
	at java.lang.Object.wait(Object.java:502)
	at java.awt.EventQueue.invokeAndWait(EventQueue.java:1315)
	at java.awt.EventQueue.invokeAndWait(EventQueue.java:1296)
	at javax.swing.SwingUtilities.invokeAndWait(SwingUtilities.java:1348)
	at org.apache.jmeter.util.JMeterUtils.runSafe(JMeterUtils.java:1296)
	at org.apache.jmeter.visualizers.SplineVisualizer.add(SplineVisualizer.java:97)
	at org.apache.jmeter.reporters.ResultCollector.sendToVisualizer(ResultCollector.java:553)
	at org.apache.jmeter.reporters.ResultCollector.sampleOccurred(ResultCollector.java:529)
	at org.apache.jmeter.threads.ListenerNotifier.notifyListeners(ListenerNotifier.java:84)
	at org.apache.jmeter.threads.JMeterThread.notifyListeners(JMeterThread.java:783)
	at org.apache.jmeter.threads.JMeterThread.process_sampler(JMeterThread.java:443)
	at org.apache.jmeter.threads.JMeterThread.run(JMeterThread.java:257)
	at java.lang.Thread.run(Thread.java:748)

2018/05/25 17:17:10 WARN  - jmeter.util.JMeterUtils: Interrupted in thread Thread Group 1-1 java.lang.InterruptedException
	at java.lang.Object.wait(Native Method)
	at java.lang.Object.wait(Object.java:502)
	at java.awt.EventQueue.invokeAndWait(EventQueue.java:1315)
	at java.awt.EventQueue.invokeAndWait(EventQueue.java:1296)
	at javax.swing.SwingUtilities.invokeAndWait(SwingUtilities.java:1348)
	at org.apache.jmeter.util.JMeterUtils.runSafe(JMeterUtils.java:1296)
	at org.apache.jmeter.visualizers.SplineVisualizer.add(SplineVisualizer.java:97)
	at org.apache.jmeter.reporters.ResultCollector.sendToVisualizer(ResultCollector.java:553)
	at org.apache.jmeter.reporters.ResultCollector.sampleOccurred(ResultCollector.java:529)
	at org.apache.jmeter.threads.ListenerNotifier.notifyListeners(ListenerNotifier.java:84)
	at org.apache.jmeter.threads.JMeterThread.notifyListeners(JMeterThread.java:783)
	at org.apache.jmeter.threads.JMeterThread.process_sampler(JMeterThread.java:443)
	at org.apache.jmeter.threads.JMeterThread.run(JMeterThread.java:257)
	at java.lang.Thread.run(Thread.java:748)

2018/05/25 17:17:10 WARN  - jmeter.util.JMeterUtils: Interrupted in thread Thread Group 1-2 java.lang.InterruptedException
	at java.lang.Object.wait(Native Method)
	at java.lang.Object.wait(Object.java:502)
	at java.awt.EventQueue.invokeAndWait(EventQueue.java:1315)
	at java.awt.EventQueue.invokeAndWait(EventQueue.java:1296)
	at javax.swing.SwingUtilities.invokeAndWait(SwingUtilities.java:1348)
	at org.apache.jmeter.util.JMeterUtils.runSafe(JMeterUtils.java:1296)
	at org.apache.jmeter.visualizers.SplineVisualizer.add(SplineVisualizer.java:97)
	at org.apache.jmeter.reporters.ResultCollector.sendToVisualizer(ResultCollector.java:553)
	at org.apache.jmeter.reporters.ResultCollector.sampleOccurred(ResultCollector.java:529)
	at org.apache.jmeter.threads.ListenerNotifier.notifyListeners(ListenerNotifier.java:84)
	at org.apache.jmeter.threads.JMeterThread.notifyListeners(JMeterThread.java:783)
	at org.apache.jmeter.threads.JMeterThread.process_sampler(JMeterThread.java:443)
	at org.apache.jmeter.threads.JMeterThread.run(JMeterThread.java:257)
	at java.lang.Thread.run(Thread.java:748)

2018/05/25 17:17:10 INFO  - jmeter.threads.JMeterThread: Thread finished: Thread Group 1-3 
2018/05/25 17:17:10 INFO  - jmeter.threads.JMeterThread: Thread finished: Thread Group 1-1 
2018/05/25 17:17:10 INFO  - jmeter.threads.JMeterThread: Thread finished: Thread Group 1-2 
2018/05/25 17:17:10 INFO  - jmeter.engine.StandardJMeterEngine: Notifying test listeners of end of test 
2018/05/25 17:17:10 INFO  - jmeter.gui.util.JMeterMenuBar: setRunning(false,*local*) 
2018/05/25 17:17:26 INFO  - jmeter.engine.StandardJMeterEngine: Running the test! 
2018/05/25 17:17:26 INFO  - jmeter.samplers.SampleEvent: List of sample_variables: [] 
2018/05/25 17:17:26 INFO  - jmeter.gui.util.JMeterMenuBar: setRunning(true,*local*) 
2018/05/25 17:17:26 INFO  - jmeter.engine.StandardJMeterEngine: Starting ThreadGroup: 1 : Thread Group 
2018/05/25 17:17:26 INFO  - jmeter.engine.StandardJMeterEngine: Starting 2 threads for group Thread Group. 
2018/05/25 17:17:26 INFO  - jmeter.engine.StandardJMeterEngine: Thread will continue on error 
2018/05/25 17:17:26 INFO  - jmeter.threads.ThreadGroup: Starting thread group number 1 threads 2 ramp-up 3 perThread 1500.0 delayedStart=false 
2018/05/25 17:17:26 INFO  - jmeter.threads.JMeterThread: Thread started: Thread Group 1-1 
2018/05/25 17:17:26 INFO  - jmeter.threads.ThreadGroup: Started thread group number 1 
2018/05/25 17:17:26 INFO  - jmeter.engine.StandardJMeterEngine: All thread groups have been started 
2018/05/25 17:17:28 INFO  - jmeter.threads.JMeterThread: Thread started: Thread Group 1-2 
2018/05/25 17:18:34 INFO  - jmeter.gui.action.Start: Stopping test 
2018/05/25 17:18:34 INFO  - jmeter.threads.JMeterThread: Stopping: Thread Group 1-1 
2018/05/25 17:18:34 WARN  - jmeter.threads.JMeterThread: Interrupting: Thread Group 1-1 sampler: HTTP Request 
2018/05/25 17:18:34 INFO  - jmeter.threads.JMeterThread: Stopping: Thread Group 1-2 
2018/05/25 17:18:34 WARN  - jmeter.threads.JMeterThread: Interrupting: Thread Group 1-2 sampler: HTTP Request 
2018/05/25 17:18:34 WARN  - jmeter.util.JMeterUtils: Interrupted in thread Thread Group 1-1 java.lang.InterruptedException
	at java.lang.Object.wait(Native Method)
	at java.lang.Object.wait(Object.java:502)
	at java.awt.EventQueue.invokeAndWait(EventQueue.java:1315)
	at java.awt.EventQueue.invokeAndWait(EventQueue.java:1296)
	at javax.swing.SwingUtilities.invokeAndWait(SwingUtilities.java:1348)
	at org.apache.jmeter.util.JMeterUtils.runSafe(JMeterUtils.java:1296)
	at org.apache.jmeter.visualizers.SplineVisualizer.add(SplineVisualizer.java:97)
	at org.apache.jmeter.reporters.ResultCollector.sendToVisualizer(ResultCollector.java:553)
	at org.apache.jmeter.reporters.ResultCollector.sampleOccurred(ResultCollector.java:529)
	at org.apache.jmeter.threads.ListenerNotifier.notifyListeners(ListenerNotifier.java:84)
	at org.apache.jmeter.threads.JMeterThread.notifyListeners(JMeterThread.java:783)
	at org.apache.jmeter.threads.JMeterThread.process_sampler(JMeterThread.java:443)
	at org.apache.jmeter.threads.JMeterThread.run(JMeterThread.java:257)
	at java.lang.Thread.run(Thread.java:748)

2018/05/25 17:18:34 WARN  - jmeter.util.JMeterUtils: Interrupted in thread Thread Group 1-2 java.lang.InterruptedException
	at java.lang.Object.wait(Native Method)
	at java.lang.Object.wait(Object.java:502)
	at java.awt.EventQueue.invokeAndWait(EventQueue.java:1315)
	at java.awt.EventQueue.invokeAndWait(EventQueue.java:1296)
	at javax.swing.SwingUtilities.invokeAndWait(SwingUtilities.java:1348)
	at org.apache.jmeter.util.JMeterUtils.runSafe(JMeterUtils.java:1296)
	at org.apache.jmeter.visualizers.SplineVisualizer.add(SplineVisualizer.java:97)
	at org.apache.jmeter.reporters.ResultCollector.sendToVisualizer(ResultCollector.java:553)
	at org.apache.jmeter.reporters.ResultCollector.sampleOccurred(ResultCollector.java:529)
	at org.apache.jmeter.threads.ListenerNotifier.notifyListeners(ListenerNotifier.java:84)
	at org.apache.jmeter.threads.JMeterThread.notifyListeners(JMeterThread.java:783)
	at org.apache.jmeter.threads.JMeterThread.process_sampler(JMeterThread.java:443)
	at org.apache.jmeter.threads.JMeterThread.run(JMeterThread.java:257)
	at java.lang.Thread.run(Thread.java:748)

2018/05/25 17:18:34 INFO  - jmeter.threads.JMeterThread: Thread finished: Thread Group 1-1 
2018/05/25 17:18:34 INFO  - jmeter.threads.JMeterThread: Thread finished: Thread Group 1-2 
2018/05/25 17:18:34 INFO  - jmeter.engine.StandardJMeterEngine: Notifying test listeners of end of test 
2018/05/25 17:18:34 INFO  - jmeter.gui.util.JMeterMenuBar: setRunning(false,*local*) 
2018/05/25 17:18:36 INFO  - jmeter.engine.StandardJMeterEngine: Running the test! 
2018/05/25 17:18:36 INFO  - jmeter.samplers.SampleEvent: List of sample_variables: [] 
2018/05/25 17:18:36 INFO  - jmeter.gui.util.JMeterMenuBar: setRunning(true,*local*) 
2018/05/25 17:18:36 INFO  - jmeter.engine.StandardJMeterEngine: Starting ThreadGroup: 1 : Thread Group 
2018/05/25 17:18:36 INFO  - jmeter.engine.StandardJMeterEngine: Starting 2 threads for group Thread Group. 
2018/05/25 17:18:36 INFO  - jmeter.engine.StandardJMeterEngine: Thread will continue on error 
2018/05/25 17:18:36 INFO  - jmeter.threads.ThreadGroup: Starting thread group number 1 threads 2 ramp-up 3 perThread 1500.0 delayedStart=false 
2018/05/25 17:18:36 INFO  - jmeter.threads.JMeterThread: Thread started: Thread Group 1-1 
2018/05/25 17:18:36 INFO  - jmeter.threads.ThreadGroup: Started thread group number 1 
2018/05/25 17:18:36 INFO  - jmeter.engine.StandardJMeterEngine: All thread groups have been started 
2018/05/25 17:18:37 INFO  - jmeter.threads.JMeterThread: Thread started: Thread Group 1-2 
2018/05/25 17:19:45 INFO  - jmeter.gui.action.Start: Stopping test 
2018/05/25 17:19:45 INFO  - jmeter.threads.JMeterThread: Stopping: Thread Group 1-1 
2018/05/25 17:19:45 WARN  - jmeter.threads.JMeterThread: Interrupting: Thread Group 1-1 sampler: HTTP Request 
2018/05/25 17:19:45 INFO  - jmeter.threads.JMeterThread: Stopping: Thread Group 1-2 
2018/05/25 17:19:45 WARN  - jmeter.threads.JMeterThread: Interrupting: Thread Group 1-2 sampler: HTTP Request 
2018/05/25 17:19:45 WARN  - jmeter.util.JMeterUtils: Interrupted in thread Thread Group 1-1 java.lang.InterruptedException
	at java.lang.Object.wait(Native Method)
	at java.lang.Object.wait(Object.java:502)
	at java.awt.EventQueue.invokeAndWait(EventQueue.java:1315)
	at java.awt.EventQueue.invokeAndWait(EventQueue.java:1296)
	at javax.swing.SwingUtilities.invokeAndWait(SwingUtilities.java:1348)
	at org.apache.jmeter.util.JMeterUtils.runSafe(JMeterUtils.java:1296)
	at org.apache.jmeter.visualizers.SplineVisualizer.add(SplineVisualizer.java:97)
	at org.apache.jmeter.reporters.ResultCollector.sendToVisualizer(ResultCollector.java:553)
	at org.apache.jmeter.reporters.ResultCollector.sampleOccurred(ResultCollector.java:529)
	at org.apache.jmeter.threads.ListenerNotifier.notifyListeners(ListenerNotifier.java:84)
	at org.apache.jmeter.threads.JMeterThread.notifyListeners(JMeterThread.java:783)
	at org.apache.jmeter.threads.JMeterThread.process_sampler(JMeterThread.java:443)
	at org.apache.jmeter.threads.JMeterThread.run(JMeterThread.java:257)
	at java.lang.Thread.run(Thread.java:748)

2018/05/25 17:19:45 WARN  - jmeter.util.JMeterUtils: Interrupted in thread Thread Group 1-2 java.lang.InterruptedException
	at java.lang.Object.wait(Native Method)
	at java.lang.Object.wait(Object.java:502)
	at java.awt.EventQueue.invokeAndWait(EventQueue.java:1315)
	at java.awt.EventQueue.invokeAndWait(EventQueue.java:1296)
	at javax.swing.SwingUtilities.invokeAndWait(SwingUtilities.java:1348)
	at org.apache.jmeter.util.JMeterUtils.runSafe(JMeterUtils.java:1296)
	at org.apache.jmeter.visualizers.SplineVisualizer.add(SplineVisualizer.java:97)
	at org.apache.jmeter.reporters.ResultCollector.sendToVisualizer(ResultCollector.java:553)
	at org.apache.jmeter.reporters.ResultCollector.sampleOccurred(ResultCollector.java:529)
	at org.apache.jmeter.threads.ListenerNotifier.notifyListeners(ListenerNotifier.java:84)
	at org.apache.jmeter.threads.JMeterThread.notifyListeners(JMeterThread.java:783)
	at org.apache.jmeter.threads.JMeterThread.process_sampler(JMeterThread.java:443)
	at org.apache.jmeter.threads.JMeterThread.run(JMeterThread.java:257)
	at java.lang.Thread.run(Thread.java:748)

2018/05/25 17:19:45 INFO  - jmeter.threads.JMeterThread: Thread finished: Thread Group 1-2 
2018/05/25 17:19:45 INFO  - jmeter.threads.JMeterThread: Thread finished: Thread Group 1-1 
2018/05/25 17:19:45 INFO  - jmeter.engine.StandardJMeterEngine: Notifying test listeners of end of test 
2018/05/25 17:19:45 INFO  - jmeter.gui.util.JMeterMenuBar: setRunning(false,*local*) 
2018/05/25 17:19:54 INFO  - jmeter.engine.StandardJMeterEngine: Running the test! 
2018/05/25 17:19:54 INFO  - jmeter.samplers.SampleEvent: List of sample_variables: [] 
2018/05/25 17:19:54 INFO  - jmeter.gui.util.JMeterMenuBar: setRunning(true,*local*) 
2018/05/25 17:19:54 INFO  - jmeter.engine.StandardJMeterEngine: Starting ThreadGroup: 1 : Thread Group 
2018/05/25 17:19:54 INFO  - jmeter.engine.StandardJMeterEngine: Starting 2 threads for group Thread Group. 
2018/05/25 17:19:54 INFO  - jmeter.engine.StandardJMeterEngine: Thread will continue on error 
2018/05/25 17:19:54 INFO  - jmeter.threads.ThreadGroup: Starting thread group number 1 threads 2 ramp-up 3 perThread 1500.0 delayedStart=false 
2018/05/25 17:19:54 INFO  - jmeter.threads.JMeterThread: Thread started: Thread Group 1-1 
2018/05/25 17:19:54 INFO  - jmeter.threads.ThreadGroup: Started thread group number 1 
2018/05/25 17:19:54 INFO  - jmeter.engine.StandardJMeterEngine: All thread groups have been started 
2018/05/25 17:19:55 INFO  - jmeter.threads.JMeterThread: Thread started: Thread Group 1-2 
2018/05/25 17:27:13 INFO  - jmeter.gui.action.Start: Stopping test 
2018/05/25 17:27:13 INFO  - jmeter.threads.JMeterThread: Stopping: Thread Group 1-1 
2018/05/25 17:27:13 WARN  - jmeter.threads.JMeterThread: Interrupting: Thread Group 1-1 sampler: HTTP Request 
2018/05/25 17:27:13 INFO  - jmeter.threads.JMeterThread: Stopping: Thread Group 1-2 
2018/05/25 17:27:13 WARN  - jmeter.threads.JMeterThread: Interrupting: Thread Group 1-2 sampler: HTTP Request 
2018/05/25 17:27:13 WARN  - jmeter.util.JMeterUtils: Interrupted in thread Thread Group 1-1 java.lang.InterruptedException
	at java.lang.Object.wait(Native Method)
	at java.lang.Object.wait(Object.java:502)
	at java.awt.EventQueue.invokeAndWait(EventQueue.java:1315)
	at java.awt.EventQueue.invokeAndWait(EventQueue.java:1296)
	at javax.swing.SwingUtilities.invokeAndWait(SwingUtilities.java:1348)
	at org.apache.jmeter.util.JMeterUtils.runSafe(JMeterUtils.java:1296)
	at org.apache.jmeter.visualizers.SplineVisualizer.add(SplineVisualizer.java:97)
	at org.apache.jmeter.reporters.ResultCollector.sendToVisualizer(ResultCollector.java:553)
	at org.apache.jmeter.reporters.ResultCollector.sampleOccurred(ResultCollector.java:529)
	at org.apache.jmeter.threads.ListenerNotifier.notifyListeners(ListenerNotifier.java:84)
	at org.apache.jmeter.threads.JMeterThread.notifyListeners(JMeterThread.java:783)
	at org.apache.jmeter.threads.JMeterThread.process_sampler(JMeterThread.java:443)
	at org.apache.jmeter.threads.JMeterThread.run(JMeterThread.java:257)
	at java.lang.Thread.run(Thread.java:748)

2018/05/25 17:27:13 WARN  - jmeter.util.JMeterUtils: Interrupted in thread Thread Group 1-2 java.lang.InterruptedException
	at java.lang.Object.wait(Native Method)
	at java.lang.Object.wait(Object.java:502)
	at java.awt.EventQueue.invokeAndWait(EventQueue.java:1315)
	at java.awt.EventQueue.invokeAndWait(EventQueue.java:1296)
	at javax.swing.SwingUtilities.invokeAndWait(SwingUtilities.java:1348)
	at org.apache.jmeter.util.JMeterUtils.runSafe(JMeterUtils.java:1296)
	at org.apache.jmeter.visualizers.SplineVisualizer.add(SplineVisualizer.java:97)
	at org.apache.jmeter.reporters.ResultCollector.sendToVisualizer(ResultCollector.java:553)
	at org.apache.jmeter.reporters.ResultCollector.sampleOccurred(ResultCollector.java:529)
	at org.apache.jmeter.threads.ListenerNotifier.notifyListeners(ListenerNotifier.java:84)
	at org.apache.jmeter.threads.JMeterThread.notifyListeners(JMeterThread.java:783)
	at org.apache.jmeter.threads.JMeterThread.process_sampler(JMeterThread.java:443)
	at org.apache.jmeter.threads.JMeterThread.run(JMeterThread.java:257)
	at java.lang.Thread.run(Thread.java:748)

2018/05/25 17:27:13 INFO  - jmeter.threads.JMeterThread: Thread finished: Thread Group 1-1 
2018/05/25 17:27:13 INFO  - jmeter.threads.JMeterThread: Thread finished: Thread Group 1-2 
2018/05/25 17:27:13 INFO  - jmeter.engine.StandardJMeterEngine: Notifying test listeners of end of test 
2018/05/25 17:27:13 INFO  - jmeter.gui.util.JMeterMenuBar: setRunning(false,*local*) 
2018/05/25 17:27:20 INFO  - jmeter.engine.StandardJMeterEngine: Running the test! 
2018/05/25 17:27:20 INFO  - jmeter.samplers.SampleEvent: List of sample_variables: [] 
2018/05/25 17:27:20 INFO  - jmeter.gui.util.JMeterMenuBar: setRunning(true,*local*) 
2018/05/25 17:27:20 INFO  - jmeter.engine.StandardJMeterEngine: Starting ThreadGroup: 1 : Thread Group 
2018/05/25 17:27:20 INFO  - jmeter.engine.StandardJMeterEngine: Starting 5 threads for group Thread Group. 
2018/05/25 17:27:20 INFO  - jmeter.engine.StandardJMeterEngine: Thread will continue on error 
2018/05/25 17:27:20 INFO  - jmeter.threads.ThreadGroup: Starting thread group number 1 threads 5 ramp-up 0 perThread 0.0 delayedStart=false 
2018/05/25 17:27:20 INFO  - jmeter.threads.JMeterThread: Thread started: Thread Group 1-1 
2018/05/25 17:27:20 INFO  - jmeter.threads.JMeterThread: Thread started: Thread Group 1-2 
2018/05/25 17:27:20 INFO  - jmeter.threads.JMeterThread: Thread started: Thread Group 1-3 
2018/05/25 17:27:20 INFO  - jmeter.threads.JMeterThread: Thread started: Thread Group 1-4 
2018/05/25 17:27:20 INFO  - jmeter.threads.ThreadGroup: Started thread group number 1 
2018/05/25 17:27:20 INFO  - jmeter.engine.StandardJMeterEngine: All thread groups have been started 
2018/05/25 17:27:20 INFO  - jmeter.threads.JMeterThread: Thread started: Thread Group 1-5 
2018/05/25 17:33:43 INFO  - jmeter.gui.action.Start: Stopping test 
2018/05/25 17:33:43 INFO  - jmeter.threads.JMeterThread: Stopping: Thread Group 1-5 
2018/05/25 17:33:43 WARN  - jmeter.threads.JMeterThread: Interrupting: Thread Group 1-5 sampler: HTTP Request 
2018/05/25 17:33:43 INFO  - jmeter.threads.JMeterThread: Stopping: Thread Group 1-4 
2018/05/25 17:33:43 WARN  - jmeter.threads.JMeterThread: Interrupting: Thread Group 1-4 sampler: HTTP Request 
2018/05/25 17:33:43 WARN  - jmeter.util.JMeterUtils: Interrupted in thread Thread Group 1-5 java.lang.InterruptedException
	at java.lang.Object.wait(Native Method)
	at java.lang.Object.wait(Object.java:502)
	at java.awt.EventQueue.invokeAndWait(EventQueue.java:1315)
	at java.awt.EventQueue.invokeAndWait(EventQueue.java:1296)
	at javax.swing.SwingUtilities.invokeAndWait(SwingUtilities.java:1348)
	at org.apache.jmeter.util.JMeterUtils.runSafe(JMeterUtils.java:1296)
	at org.apache.jmeter.visualizers.SplineVisualizer.add(SplineVisualizer.java:97)
	at org.apache.jmeter.reporters.ResultCollector.sendToVisualizer(ResultCollector.java:553)
	at org.apache.jmeter.reporters.ResultCollector.sampleOccurred(ResultCollector.java:529)
	at org.apache.jmeter.threads.ListenerNotifier.notifyListeners(ListenerNotifier.java:84)
	at org.apache.jmeter.threads.JMeterThread.notifyListeners(JMeterThread.java:783)
	at org.apache.jmeter.threads.JMeterThread.process_sampler(JMeterThread.java:443)
	at org.apache.jmeter.threads.JMeterThread.run(JMeterThread.java:257)
	at java.lang.Thread.run(Thread.java:748)

2018/05/25 17:33:43 INFO  - jmeter.threads.JMeterThread: Stopping: Thread Group 1-1 
2018/05/25 17:33:43 WARN  - jmeter.threads.JMeterThread: Interrupting: Thread Group 1-1 sampler: HTTP Request 
2018/05/25 17:33:43 WARN  - jmeter.util.JMeterUtils: Interrupted in thread Thread Group 1-4 java.lang.InterruptedException
	at java.lang.Object.wait(Native Method)
	at java.lang.Object.wait(Object.java:502)
	at java.awt.EventQueue.invokeAndWait(EventQueue.java:1315)
	at java.awt.EventQueue.invokeAndWait(EventQueue.java:1296)
	at javax.swing.SwingUtilities.invokeAndWait(SwingUtilities.java:1348)
	at org.apache.jmeter.util.JMeterUtils.runSafe(JMeterUtils.java:1296)
	at org.apache.jmeter.visualizers.SplineVisualizer.add(SplineVisualizer.java:97)
	at org.apache.jmeter.reporters.ResultCollector.sendToVisualizer(ResultCollector.java:553)
	at org.apache.jmeter.reporters.ResultCollector.sampleOccurred(ResultCollector.java:529)
	at org.apache.jmeter.threads.ListenerNotifier.notifyListeners(ListenerNotifier.java:84)
	at org.apache.jmeter.threads.JMeterThread.notifyListeners(JMeterThread.java:783)
	at org.apache.jmeter.threads.JMeterThread.process_sampler(JMeterThread.java:443)
	at org.apache.jmeter.threads.JMeterThread.run(JMeterThread.java:257)
	at java.lang.Thread.run(Thread.java:748)

2018/05/25 17:33:43 INFO  - jmeter.threads.JMeterThread: Stopping: Thread Group 1-3 
2018/05/25 17:33:43 WARN  - jmeter.util.JMeterUtils: Interrupted in thread Thread Group 1-1 java.lang.InterruptedException
	at java.lang.Object.wait(Native Method)
	at java.lang.Object.wait(Object.java:502)
	at java.awt.EventQueue.invokeAndWait(EventQueue.java:1315)
	at java.awt.EventQueue.invokeAndWait(EventQueue.java:1296)
	at javax.swing.SwingUtilities.invokeAndWait(SwingUtilities.java:1348)
	at org.apache.jmeter.util.JMeterUtils.runSafe(JMeterUtils.java:1296)
	at org.apache.jmeter.visualizers.SplineVisualizer.add(SplineVisualizer.java:97)
	at org.apache.jmeter.reporters.ResultCollector.sendToVisualizer(ResultCollector.java:553)
	at org.apache.jmeter.reporters.ResultCollector.sampleOccurred(ResultCollector.java:529)
	at org.apache.jmeter.threads.ListenerNotifier.notifyListeners(ListenerNotifier.java:84)
	at org.apache.jmeter.threads.JMeterThread.notifyListeners(JMeterThread.java:783)
	at org.apache.jmeter.threads.JMeterThread.process_sampler(JMeterThread.java:443)
	at org.apache.jmeter.threads.JMeterThread.run(JMeterThread.java:257)
	at java.lang.Thread.run(Thread.java:748)

2018/05/25 17:33:43 WARN  - jmeter.threads.JMeterThread: Interrupting: Thread Group 1-3 sampler: HTTP Request 
2018/05/25 17:33:43 INFO  - jmeter.threads.JMeterThread: Stopping: Thread Group 1-2 
2018/05/25 17:33:43 WARN  - jmeter.threads.JMeterThread: Interrupting: Thread Group 1-2 sampler: HTTP Request 
2018/05/25 17:33:43 WARN  - jmeter.util.JMeterUtils: Interrupted in thread Thread Group 1-3 java.lang.InterruptedException
	at java.lang.Object.wait(Native Method)
	at java.lang.Object.wait(Object.java:502)
	at java.awt.EventQueue.invokeAndWait(EventQueue.java:1315)
	at java.awt.EventQueue.invokeAndWait(EventQueue.java:1296)
	at javax.swing.SwingUtilities.invokeAndWait(SwingUtilities.java:1348)
	at org.apache.jmeter.util.JMeterUtils.runSafe(JMeterUtils.java:1296)
	at org.apache.jmeter.visualizers.SplineVisualizer.add(SplineVisualizer.java:97)
	at org.apache.jmeter.reporters.ResultCollector.sendToVisualizer(ResultCollector.java:553)
	at org.apache.jmeter.reporters.ResultCollector.sampleOccurred(ResultCollector.java:529)
	at org.apache.jmeter.threads.ListenerNotifier.notifyListeners(ListenerNotifier.java:84)
	at org.apache.jmeter.threads.JMeterThread.notifyListeners(JMeterThread.java:783)
	at org.apache.jmeter.threads.JMeterThread.process_sampler(JMeterThread.java:443)
	at org.apache.jmeter.threads.JMeterThread.run(JMeterThread.java:257)
	at java.lang.Thread.run(Thread.java:748)

2018/05/25 17:33:43 WARN  - jmeter.util.JMeterUtils: Interrupted in thread Thread Group 1-2 java.lang.InterruptedException
	at java.lang.Object.wait(Native Method)
	at java.lang.Object.wait(Object.java:502)
	at java.awt.EventQueue.invokeAndWait(EventQueue.java:1315)
	at java.awt.EventQueue.invokeAndWait(EventQueue.java:1296)
	at javax.swing.SwingUtilities.invokeAndWait(SwingUtilities.java:1348)
	at org.apache.jmeter.util.JMeterUtils.runSafe(JMeterUtils.java:1296)
	at org.apache.jmeter.visualizers.SplineVisualizer.add(SplineVisualizer.java:97)
	at org.apache.jmeter.reporters.ResultCollector.sendToVisualizer(ResultCollector.java:553)
	at org.apache.jmeter.reporters.ResultCollector.sampleOccurred(ResultCollector.java:529)
	at org.apache.jmeter.threads.ListenerNotifier.notifyListeners(ListenerNotifier.java:84)
	at org.apache.jmeter.threads.JMeterThread.notifyListeners(JMeterThread.java:783)
	at org.apache.jmeter.threads.JMeterThread.process_sampler(JMeterThread.java:443)
	at org.apache.jmeter.threads.JMeterThread.run(JMeterThread.java:257)
	at java.lang.Thread.run(Thread.java:748)

2018/05/25 17:33:43 INFO  - jmeter.threads.JMeterThread: Thread finished: Thread Group 1-4 
2018/05/25 17:33:43 INFO  - jmeter.threads.JMeterThread: Thread finished: Thread Group 1-2 
2018/05/25 17:33:43 INFO  - jmeter.threads.JMeterThread: Thread finished: Thread Group 1-3 
2018/05/25 17:33:43 INFO  - jmeter.threads.JMeterThread: Thread finished: Thread Group 1-1 
2018/05/25 17:33:43 INFO  - jmeter.threads.JMeterThread: Thread finished: Thread Group 1-5 
2018/05/25 17:33:43 INFO  - jmeter.engine.StandardJMeterEngine: Notifying test listeners of end of test 
2018/05/25 17:33:43 INFO  - jmeter.gui.util.JMeterMenuBar: setRunning(false,*local*) 
2018/05/25 17:33:53 INFO  - jmeter.engine.StandardJMeterEngine: Running the test! 
2018/05/25 17:33:53 INFO  - jmeter.samplers.SampleEvent: List of sample_variables: [] 
2018/05/25 17:33:53 INFO  - jmeter.gui.util.JMeterMenuBar: setRunning(true,*local*) 
2018/05/25 17:33:53 INFO  - jmeter.engine.StandardJMeterEngine: Starting ThreadGroup: 1 : Thread Group 
2018/05/25 17:33:53 INFO  - jmeter.engine.StandardJMeterEngine: Starting 3 threads for group Thread Group. 
2018/05/25 17:33:53 INFO  - jmeter.engine.StandardJMeterEngine: Thread will continue on error 
2018/05/25 17:33:53 INFO  - jmeter.threads.ThreadGroup: Starting thread group number 1 threads 3 ramp-up 3 perThread 1000.0 delayedStart=false 
2018/05/25 17:33:53 INFO  - jmeter.threads.JMeterThread: Thread started: Thread Group 1-1 
2018/05/25 17:33:53 INFO  - jmeter.threads.ThreadGroup: Started thread group number 1 
2018/05/25 17:33:53 INFO  - jmeter.engine.StandardJMeterEngine: All thread groups have been started 
2018/05/25 17:33:54 INFO  - jmeter.threads.JMeterThread: Thread started: Thread Group 1-2 
2018/05/25 17:33:55 INFO  - jmeter.threads.JMeterThread: Thread started: Thread Group 1-3 
2018/05/25 17:35:04 INFO  - jmeter.gui.action.Start: Stopping test 
2018/05/25 17:35:04 INFO  - jmeter.threads.JMeterThread: Stopping: Thread Group 1-2 
2018/05/25 17:35:04 WARN  - jmeter.threads.JMeterThread: Interrupting: Thread Group 1-2 sampler: HTTP Request 
2018/05/25 17:35:04 INFO  - jmeter.threads.JMeterThread: Stopping: Thread Group 1-3 
2018/05/25 17:35:04 WARN  - jmeter.threads.JMeterThread: Interrupting: Thread Group 1-3 sampler: HTTP Request 
2018/05/25 17:35:04 INFO  - jmeter.threads.JMeterThread: Stopping: Thread Group 1-1 
2018/05/25 17:35:04 WARN  - jmeter.threads.JMeterThread: Interrupting: Thread Group 1-1 sampler: HTTP Request 
2018/05/25 17:35:04 WARN  - jmeter.util.JMeterUtils: Interrupted in thread Thread Group 1-2 java.lang.InterruptedException
	at java.lang.Object.wait(Native Method)
	at java.lang.Object.wait(Object.java:502)
	at java.awt.EventQueue.invokeAndWait(EventQueue.java:1315)
	at java.awt.EventQueue.invokeAndWait(EventQueue.java:1296)
	at javax.swing.SwingUtilities.invokeAndWait(SwingUtilities.java:1348)
	at org.apache.jmeter.util.JMeterUtils.runSafe(JMeterUtils.java:1296)
	at org.apache.jmeter.visualizers.SplineVisualizer.add(SplineVisualizer.java:97)
	at org.apache.jmeter.reporters.ResultCollector.sendToVisualizer(ResultCollector.java:553)
	at org.apache.jmeter.reporters.ResultCollector.sampleOccurred(ResultCollector.java:529)
	at org.apache.jmeter.threads.ListenerNotifier.notifyListeners(ListenerNotifier.java:84)
	at org.apache.jmeter.threads.JMeterThread.notifyListeners(JMeterThread.java:783)
	at org.apache.jmeter.threads.JMeterThread.process_sampler(JMeterThread.java:443)
	at org.apache.jmeter.threads.JMeterThread.run(JMeterThread.java:257)
	at java.lang.Thread.run(Thread.java:748)

2018/05/25 17:35:04 WARN  - jmeter.util.JMeterUtils: Interrupted in thread Thread Group 1-3 java.lang.InterruptedException
	at java.lang.Object.wait(Native Method)
	at java.lang.Object.wait(Object.java:502)
	at java.awt.EventQueue.invokeAndWait(EventQueue.java:1315)
	at java.awt.EventQueue.invokeAndWait(EventQueue.java:1296)
	at javax.swing.SwingUtilities.invokeAndWait(SwingUtilities.java:1348)
	at org.apache.jmeter.util.JMeterUtils.runSafe(JMeterUtils.java:1296)
	at org.apache.jmeter.visualizers.SplineVisualizer.add(SplineVisualizer.java:97)
	at org.apache.jmeter.reporters.ResultCollector.sendToVisualizer(ResultCollector.java:553)
	at org.apache.jmeter.reporters.ResultCollector.sampleOccurred(ResultCollector.java:529)
	at org.apache.jmeter.threads.ListenerNotifier.notifyListeners(ListenerNotifier.java:84)
	at org.apache.jmeter.threads.JMeterThread.notifyListeners(JMeterThread.java:783)
	at org.apache.jmeter.threads.JMeterThread.process_sampler(JMeterThread.java:443)
	at org.apache.jmeter.threads.JMeterThread.run(JMeterThread.java:257)
	at java.lang.Thread.run(Thread.java:748)

2018/05/25 17:35:04 WARN  - jmeter.util.JMeterUtils: Interrupted in thread Thread Group 1-1 java.lang.InterruptedException
	at java.lang.Object.wait(Native Method)
	at java.lang.Object.wait(Object.java:502)
	at java.awt.EventQueue.invokeAndWait(EventQueue.java:1315)
	at java.awt.EventQueue.invokeAndWait(EventQueue.java:1296)
	at javax.swing.SwingUtilities.invokeAndWait(SwingUtilities.java:1348)
	at org.apache.jmeter.util.JMeterUtils.runSafe(JMeterUtils.java:1296)
	at org.apache.jmeter.visualizers.SplineVisualizer.add(SplineVisualizer.java:97)
	at org.apache.jmeter.reporters.ResultCollector.sendToVisualizer(ResultCollector.java:553)
	at org.apache.jmeter.reporters.ResultCollector.sampleOccurred(ResultCollector.java:529)
	at org.apache.jmeter.threads.ListenerNotifier.notifyListeners(ListenerNotifier.java:84)
	at org.apache.jmeter.threads.JMeterThread.notifyListeners(JMeterThread.java:783)
	at org.apache.jmeter.threads.JMeterThread.process_sampler(JMeterThread.java:443)
	at org.apache.jmeter.threads.JMeterThread.run(JMeterThread.java:257)
	at java.lang.Thread.run(Thread.java:748)

2018/05/25 17:35:04 INFO  - jmeter.threads.JMeterThread: Thread finished: Thread Group 1-2 
2018/05/25 17:35:04 INFO  - jmeter.threads.JMeterThread: Thread finished: Thread Group 1-3 
2018/05/25 17:35:04 INFO  - jmeter.threads.JMeterThread: Thread finished: Thread Group 1-1 
2018/05/25 17:35:04 INFO  - jmeter.engine.StandardJMeterEngine: Notifying test listeners of end of test 
2018/05/25 17:35:04 INFO  - jmeter.gui.util.JMeterMenuBar: setRunning(false,*local*) 
2018/05/25 17:36:20 INFO  - jmeter.engine.StandardJMeterEngine: Running the test! 
2018/05/25 17:36:20 INFO  - jmeter.samplers.SampleEvent: List of sample_variables: [] 
2018/05/25 17:36:20 INFO  - jmeter.gui.util.JMeterMenuBar: setRunning(true,*local*) 
2018/05/25 17:36:20 INFO  - jmeter.engine.StandardJMeterEngine: Starting ThreadGroup: 1 : Thread Group 
2018/05/25 17:36:20 INFO  - jmeter.engine.StandardJMeterEngine: Starting 2 threads for group Thread Group. 
2018/05/25 17:36:20 INFO  - jmeter.engine.StandardJMeterEngine: Thread will continue on error 
2018/05/25 17:36:20 INFO  - jmeter.threads.ThreadGroup: Starting thread group number 1 threads 2 ramp-up 4 perThread 2000.0 delayedStart=false 
2018/05/25 17:36:20 INFO  - jmeter.threads.JMeterThread: Thread started: Thread Group 1-1 
2018/05/25 17:36:20 INFO  - jmeter.threads.ThreadGroup: Started thread group number 1 
2018/05/25 17:36:20 INFO  - jmeter.engine.StandardJMeterEngine: All thread groups have been started 
2018/05/25 17:36:22 INFO  - jmeter.threads.JMeterThread: Thread started: Thread Group 1-2 
2018/05/25 17:38:37 INFO  - jmeter.gui.action.Start: Stopping test 
2018/05/25 17:38:37 INFO  - jmeter.threads.JMeterThread: Stopping: Thread Group 1-1 
2018/05/25 17:38:37 WARN  - jmeter.threads.JMeterThread: Interrupting: Thread Group 1-1 sampler: HTTP Request 
2018/05/25 17:38:37 INFO  - jmeter.threads.JMeterThread: Stopping: Thread Group 1-2 
2018/05/25 17:38:37 WARN  - jmeter.threads.JMeterThread: Interrupting: Thread Group 1-2 sampler: HTTP Request 
2018/05/25 17:38:37 WARN  - jmeter.util.JMeterUtils: Interrupted in thread Thread Group 1-1 java.lang.InterruptedException
	at java.lang.Object.wait(Native Method)
	at java.lang.Object.wait(Object.java:502)
	at java.awt.EventQueue.invokeAndWait(EventQueue.java:1315)
	at java.awt.EventQueue.invokeAndWait(EventQueue.java:1296)
	at javax.swing.SwingUtilities.invokeAndWait(SwingUtilities.java:1348)
	at org.apache.jmeter.util.JMeterUtils.runSafe(JMeterUtils.java:1296)
	at org.apache.jmeter.visualizers.SplineVisualizer.add(SplineVisualizer.java:97)
	at org.apache.jmeter.reporters.ResultCollector.sendToVisualizer(ResultCollector.java:553)
	at org.apache.jmeter.reporters.ResultCollector.sampleOccurred(ResultCollector.java:529)
	at org.apache.jmeter.threads.ListenerNotifier.notifyListeners(ListenerNotifier.java:84)
	at org.apache.jmeter.threads.JMeterThread.notifyListeners(JMeterThread.java:783)
	at org.apache.jmeter.threads.JMeterThread.process_sampler(JMeterThread.java:443)
	at org.apache.jmeter.threads.JMeterThread.run(JMeterThread.java:257)
	at java.lang.Thread.run(Thread.java:748)

2018/05/25 17:38:37 WARN  - jmeter.util.JMeterUtils: Interrupted in thread Thread Group 1-2 java.lang.InterruptedException
	at java.lang.Object.wait(Native Method)
	at java.lang.Object.wait(Object.java:502)
	at java.awt.EventQueue.invokeAndWait(EventQueue.java:1315)
	at java.awt.EventQueue.invokeAndWait(EventQueue.java:1296)
	at javax.swing.SwingUtilities.invokeAndWait(SwingUtilities.java:1348)
	at org.apache.jmeter.util.JMeterUtils.runSafe(JMeterUtils.java:1296)
	at org.apache.jmeter.visualizers.SplineVisualizer.add(SplineVisualizer.java:97)
	at org.apache.jmeter.reporters.ResultCollector.sendToVisualizer(ResultCollector.java:553)
	at org.apache.jmeter.reporters.ResultCollector.sampleOccurred(ResultCollector.java:529)
	at org.apache.jmeter.threads.ListenerNotifier.notifyListeners(ListenerNotifier.java:84)
	at org.apache.jmeter.threads.JMeterThread.notifyListeners(JMeterThread.java:783)
	at org.apache.jmeter.threads.JMeterThread.process_sampler(JMeterThread.java:443)
	at org.apache.jmeter.threads.JMeterThread.run(JMeterThread.java:257)
	at java.lang.Thread.run(Thread.java:748)

2018/05/25 17:38:37 INFO  - jmeter.threads.JMeterThread: Thread finished: Thread Group 1-1 
2018/05/25 17:38:37 INFO  - jmeter.threads.JMeterThread: Thread finished: Thread Group 1-2 
2018/05/25 17:38:37 INFO  - jmeter.engine.StandardJMeterEngine: Notifying test listeners of end of test 
2018/05/25 17:38:37 INFO  - jmeter.gui.util.JMeterMenuBar: setRunning(false,*local*) 
2018/05/25 17:52:24 INFO  - jmeter.engine.StandardJMeterEngine: Running the test! 
2018/05/25 17:52:24 INFO  - jmeter.samplers.SampleEvent: List of sample_variables: [] 
2018/05/25 17:52:24 INFO  - jmeter.gui.util.JMeterMenuBar: setRunning(true,*local*) 
2018/05/25 17:52:24 INFO  - jmeter.engine.StandardJMeterEngine: Starting ThreadGroup: 1 : Thread Group 
2018/05/25 17:52:24 INFO  - jmeter.engine.StandardJMeterEngine: Starting 2 threads for group Thread Group. 
2018/05/25 17:52:24 INFO  - jmeter.engine.StandardJMeterEngine: Thread will continue on error 
2018/05/25 17:52:24 INFO  - jmeter.threads.ThreadGroup: Starting thread group number 1 threads 2 ramp-up 4 perThread 2000.0 delayedStart=false 
2018/05/25 17:52:24 INFO  - jmeter.threads.JMeterThread: Thread started: Thread Group 1-1 
2018/05/25 17:52:24 INFO  - jmeter.threads.ThreadGroup: Started thread group number 1 
2018/05/25 17:52:24 INFO  - jmeter.engine.StandardJMeterEngine: All thread groups have been started 
2018/05/25 17:52:26 INFO  - jmeter.threads.JMeterThread: Thread started: Thread Group 1-2 
2018/05/25 18:06:34 INFO  - jmeter.gui.action.Start: Stopping test 
2018/05/25 18:06:34 INFO  - jmeter.threads.JMeterThread: Stopping: Thread Group 1-2 
2018/05/25 18:06:34 WARN  - jmeter.threads.JMeterThread: Interrupting: Thread Group 1-2 sampler: HTTP Request 
2018/05/25 18:06:34 INFO  - jmeter.threads.JMeterThread: Stopping: Thread Group 1-1 
2018/05/25 18:06:34 WARN  - jmeter.threads.JMeterThread: Interrupting: Thread Group 1-1 sampler: HTTP Request 
2018/05/25 18:06:34 WARN  - jmeter.util.JMeterUtils: Interrupted in thread Thread Group 1-2 java.lang.InterruptedException
	at java.lang.Object.wait(Native Method)
	at java.lang.Object.wait(Object.java:502)
	at java.awt.EventQueue.invokeAndWait(EventQueue.java:1315)
	at java.awt.EventQueue.invokeAndWait(EventQueue.java:1296)
	at javax.swing.SwingUtilities.invokeAndWait(SwingUtilities.java:1348)
	at org.apache.jmeter.util.JMeterUtils.runSafe(JMeterUtils.java:1296)
	at org.apache.jmeter.visualizers.SplineVisualizer.add(SplineVisualizer.java:97)
	at org.apache.jmeter.reporters.ResultCollector.sendToVisualizer(ResultCollector.java:553)
	at org.apache.jmeter.reporters.ResultCollector.sampleOccurred(ResultCollector.java:529)
	at org.apache.jmeter.threads.ListenerNotifier.notifyListeners(ListenerNotifier.java:84)
	at org.apache.jmeter.threads.JMeterThread.notifyListeners(JMeterThread.java:783)
	at org.apache.jmeter.threads.JMeterThread.process_sampler(JMeterThread.java:443)
	at org.apache.jmeter.threads.JMeterThread.run(JMeterThread.java:257)
	at java.lang.Thread.run(Thread.java:748)

2018/05/25 18:06:34 WARN  - jmeter.util.JMeterUtils: Interrupted in thread Thread Group 1-1 java.lang.InterruptedException
	at java.lang.Object.wait(Native Method)
	at java.lang.Object.wait(Object.java:502)
	at java.awt.EventQueue.invokeAndWait(EventQueue.java:1315)
	at java.awt.EventQueue.invokeAndWait(EventQueue.java:1296)
	at javax.swing.SwingUtilities.invokeAndWait(SwingUtilities.java:1348)
	at org.apache.jmeter.util.JMeterUtils.runSafe(JMeterUtils.java:1296)
	at org.apache.jmeter.visualizers.SplineVisualizer.add(SplineVisualizer.java:97)
	at org.apache.jmeter.reporters.ResultCollector.sendToVisualizer(ResultCollector.java:553)
	at org.apache.jmeter.reporters.ResultCollector.sampleOccurred(ResultCollector.java:529)
	at org.apache.jmeter.threads.ListenerNotifier.notifyListeners(ListenerNotifier.java:84)
	at org.apache.jmeter.threads.JMeterThread.notifyListeners(JMeterThread.java:783)
	at org.apache.jmeter.threads.JMeterThread.process_sampler(JMeterThread.java:443)
	at org.apache.jmeter.threads.JMeterThread.run(JMeterThread.java:257)
	at java.lang.Thread.run(Thread.java:748)

2018/05/25 18:06:34 INFO  - jmeter.threads.JMeterThread: Thread finished: Thread Group 1-2 
2018/05/25 18:06:34 INFO  - jmeter.threads.JMeterThread: Thread finished: Thread Group 1-1 
2018/05/25 18:06:34 INFO  - jmeter.engine.StandardJMeterEngine: Notifying test listeners of end of test 
2018/05/25 18:06:34 INFO  - jmeter.gui.util.JMeterMenuBar: setRunning(false,*local*) 
